<?xml version="1.0" encoding="UTF-8"?>
<!-- Generated by org.testng.reporters.JUnitReportReporter -->
<testsuite hostname="Harshini" failures="0" tests="1" name="com.training.testcase.ContactsTest" time="18.066" errors="0" timestamp="2023-04-11T09:27:30 EDT" skipped="0">
  <testcase classname="com.training.testcase.ContactsTest" name="createNewContact" time="18.066"/>
  <system-out/>
</testsuite> <!-- com.training.testcase.ContactsTest -->
