<?xml version="1.0" encoding="UTF-8"?>
<!-- Generated by org.testng.reporters.JUnitReportReporter -->
<testsuite hostname="Harshini" failures="0" tests="1" name="com.training.testcase.RandomScenarioTest" time="80.184" errors="0" timestamp="2023-04-03T11:49:43 EDT" skipped="0">
  <testcase classname="com.training.testcase.RandomScenarioTest" name="blockingEventInTheCalender" time="80.184"/>
  <system-out/>
</testsuite> <!-- com.training.testcase.RandomScenarioTest -->
