<?xml version="1.0" encoding="UTF-8"?>
<!-- Generated by org.testng.reporters.JUnitReportReporter -->
<testsuite hostname="Harshini" failures="0" tests="1" name="com.training.testcase.ContactsTest" time="15.066" errors="0" timestamp="2023-04-02T08:28:29 EDT" skipped="0">
  <testcase classname="com.training.testcase.ContactsTest" name="viewContactInContactPage" time="15.066"/>
  <system-out/>
</testsuite> <!-- com.training.testcase.ContactsTest -->
