<?xml version="1.0" encoding="UTF-8"?>
<!-- Generated by org.testng.reporters.JUnitReportReporter -->
<testsuite hostname="Harshini" failures="0" tests="1" name="com.training.testcase.LoginTest" time="9.655" errors="0" timestamp="2023-04-06T08:33:38 EDT" skipped="0">
  <testcase classname="com.training.testcase.LoginTest" name="checkRememberMe" time="9.655"/>
  <system-out/>
</testsuite> <!-- com.training.testcase.LoginTest -->
