<?xml version="1.0" encoding="UTF-8"?>
<!-- Generated by org.testng.reporters.JUnitReportReporter -->
<testsuite hostname="Harshini" failures="0" tests="1" name="com.training.testcase.CreateAccountTest" time="14.086" errors="0" timestamp="2023-04-10T16:39:38 EDT" skipped="0">
  <testcase classname="com.training.testcase.CreateAccountTest" name="editViewName" time="14.086"/>
  <system-out/>
</testsuite> <!-- com.training.testcase.CreateAccountTest -->
