<?xml version="1.0" encoding="UTF-8"?>
<!-- Generated by org.testng.reporters.JUnitReportReporter -->
<testsuite skipped="0" hostname="Harshini" name="com.training.testcase.LeadsTest" tests="1" failures="0" timestamp="2023-05-09T15:37:07 EDT" time="15.522" errors="0">
  <testcase name="clickLeadsTab" time="15.522" classname="com.training.testcase.LeadsTest"/>
  <system-out/>
</testsuite> <!-- com.training.testcase.LeadsTest -->
