<?xml version="1.0" encoding="UTF-8"?>
<!-- Generated by org.testng.reporters.JUnitReportReporter -->
<testsuite hostname="Harshini" failures="0" tests="1" name="com.training.testcase.LeadsTest" time="25.241" errors="0" timestamp="2023-04-03T12:14:33 EDT" skipped="0">
  <testcase classname="com.training.testcase.LeadsTest" name="LeadsDropDown" time="25.241"/>
  <system-out/>
</testsuite> <!-- com.training.testcase.LeadsTest -->
