<?xml version="1.0" encoding="UTF-8"?>
<!-- Generated by org.testng.reporters.JUnitReportReporter -->
<testsuite hostname="Harshini" failures="0" tests="1" name="com.training.testcase.CreateOpportunitiesTest" time="16.712" errors="0" timestamp="2023-04-03T17:40:45 EDT" skipped="0">
  <testcase classname="com.training.testcase.CreateOpportunitiesTest" name="CreateNewOpportunity" time="16.712"/>
  <system-out/>
</testsuite> <!-- com.training.testcase.CreateOpportunitiesTest -->
