<?xml version="1.0" encoding="UTF-8"?>
<!-- Generated by org.testng.reporters.JUnitReportReporter -->
<testsuite hostname="Harshini" failures="0" tests="1" name="com.training.testcase.CreateOpportunitiesTest" time="21.669" errors="0" timestamp="2023-04-10T09:27:43 EDT" skipped="0">
  <testcase classname="com.training.testcase.CreateOpportunitiesTest" name="CreateNewOpportunity" time="21.669"/>
  <system-out/>
</testsuite> <!-- com.training.testcase.CreateOpportunitiesTest -->
