<?xml version="1.0" encoding="UTF-8"?>
<!-- Generated by org.testng.reporters.JUnitReportReporter -->
<testsuite skipped="0" hostname="Harshini" name="com.training.testcase.LoginTest" tests="4" failures="0" timestamp="2023-05-24T08:31:34 EDT" time="30.408" errors="0">
  <testcase name="loginerrorMessage" time="3.514" classname="com.training.testcase.LoginTest"/>
  <system-out/>
  <testcase name="loginerrorMessage" time="4.462" classname="com.training.testcase.LoginTest"/>
  <system-out/>
  <testcase name="login" time="7.849" classname="com.training.testcase.LoginTest"/>
  <system-out/>
  <testcase name="login" time="14.583" classname="com.training.testcase.LoginTest"/>
  <system-out/>
</testsuite> <!-- com.training.testcase.LoginTest -->
