<?xml version="1.0" encoding="UTF-8"?>
<!-- Generated by org.testng.reporters.JUnitReportReporter -->
<testsuite hostname="Harshini" failures="0" tests="1" name="com.training.testcase.UserMenuDropDownTest" time="93.166" errors="0" timestamp="2023-03-28T17:52:54 EDT" skipped="0">
  <testcase classname="com.training.testcase.UserMenuDropDownTest" name="myProfile" time="93.166"/>
  <system-out/>
</testsuite> <!-- com.training.testcase.UserMenuDropDownTest -->
