<?xml version="1.0" encoding="UTF-8"?>
<!-- Generated by org.testng.reporters.JUnitReportReporter -->
<testsuite hostname="Harshini" failures="0" tests="1" name="com.training.testcase.UserMenuDropDownTest" time="10.075" errors="0" timestamp="2023-04-08T21:35:27 EDT" skipped="0">
  <testcase classname="com.training.testcase.UserMenuDropDownTest" name="clickDeveloperConsoleFromUserMenu" time="10.075"/>
  <system-out/>
</testsuite> <!-- com.training.testcase.UserMenuDropDownTest -->
