<?xml version="1.0" encoding="UTF-8"?>
<!-- Generated by org.testng.reporters.JUnitReportReporter -->
<testsuite hostname="Harshini" failures="0" tests="1" name="com.training.testcase.LoginTest" time="8.385" errors="0" timestamp="2023-04-01T22:41:11 EDT" skipped="0">
  <testcase classname="com.training.testcase.LoginTest" name="login" time="8.385"/>
  <system-out/>
</testsuite> <!-- com.training.testcase.LoginTest -->
