<?xml version="1.0" encoding="UTF-8"?>
<!-- Generated by org.testng.reporters.JUnitReportReporter -->
<testsuite skipped="0" hostname="Harshini" name="com.training.testcase.UserMenuDropDownTest" tests="4" failures="0" timestamp="2023-05-24T08:28:05 EDT" time="61.156" errors="0">
  <testcase name="LogoutFromSFDC" time="23.482" classname="com.training.testcase.UserMenuDropDownTest"/>
  <system-out/>
  <testcase name="userMenuDropDown" time="10.860" classname="com.training.testcase.UserMenuDropDownTest"/>
  <system-out/>
  <testcase name="LogoutFromSFDC" time="18.461" classname="com.training.testcase.UserMenuDropDownTest"/>
  <system-out/>
  <testcase name="userMenuDropDown" time="8.353" classname="com.training.testcase.UserMenuDropDownTest"/>
  <system-out/>
</testsuite> <!-- com.training.testcase.UserMenuDropDownTest -->
