<?xml version="1.0" encoding="UTF-8"?>
<!-- Generated by org.testng.reporters.JUnitReportReporter -->
<testsuite skipped="0" hostname="Harshini" name="com.training.testcase.LoginTest" tests="5" failures="0" timestamp="2023-03-27T16:03:52 EDT" time="30.353" errors="0">
  <testcase name="wrongUsernameAndPassword" time="2.604" classname="com.training.testcase.LoginTest"/>
  <system-out/>
  <testcase name="enterForgotPassword" time="4.575" classname="com.training.testcase.LoginTest"/>
  <system-out/>
  <testcase name="loginerrorMessage" time="2.864" classname="com.training.testcase.LoginTest"/>
  <system-out/>
  <testcase name="login" time="8.619" classname="com.training.testcase.LoginTest"/>
  <system-out/>
  <testcase name="checkRememberMe" time="11.691" classname="com.training.testcase.LoginTest"/>
  <system-out/>
</testsuite> <!-- com.training.testcase.LoginTest -->
